  Source.cpp
D:\Flappy Bird\Flappy Bird\Flappy Bird\Source.cpp(37,22): warning C4305: 'argument': truncation from 'double' to 'float'
D:\Flappy Bird\Flappy Bird\Flappy Bird\Source.cpp(72,46): warning C4244: 'argument': conversion from 'int' to 'T', possible loss of data
D:\Flappy Bird\Flappy Bird\Flappy Bird\Source.cpp(72,46): warning C4244:         with
D:\Flappy Bird\Flappy Bird\Flappy Bird\Source.cpp(72,46): warning C4244:         [
D:\Flappy Bird\Flappy Bird\Flappy Bird\Source.cpp(72,46): warning C4244:             T=float
D:\Flappy Bird\Flappy Bird\Flappy Bird\Source.cpp(72,46): warning C4244:         ]
D:\Flappy Bird\Flappy Bird\Flappy Bird\Source.cpp(78,46): warning C4244: 'argument': conversion from 'int' to 'T', possible loss of data
D:\Flappy Bird\Flappy Bird\Flappy Bird\Source.cpp(78,46): warning C4244:         with
D:\Flappy Bird\Flappy Bird\Flappy Bird\Source.cpp(78,46): warning C4244:         [
D:\Flappy Bird\Flappy Bird\Flappy Bird\Source.cpp(78,46): warning C4244:             T=float
D:\Flappy Bird\Flappy Bird\Flappy Bird\Source.cpp(78,46): warning C4244:         ]
D:\Flappy Bird\Flappy Bird\Flappy Bird\Source.cpp(84,46): warning C4244: 'argument': conversion from 'int' to 'T', possible loss of data
D:\Flappy Bird\Flappy Bird\Flappy Bird\Source.cpp(84,46): warning C4244:         with
D:\Flappy Bird\Flappy Bird\Flappy Bird\Source.cpp(84,46): warning C4244:         [
D:\Flappy Bird\Flappy Bird\Flappy Bird\Source.cpp(84,46): warning C4244:             T=float
D:\Flappy Bird\Flappy Bird\Flappy Bird\Source.cpp(84,46): warning C4244:         ]
D:\Flappy Bird\Flappy Bird\Flappy Bird\Source.cpp(85,32): warning C4305: 'argument': truncation from 'double' to 'float'
D:\Flappy Bird\Flappy Bird\Flappy Bird\Source.cpp(89,46): warning C4244: 'argument': conversion from 'int' to 'T', possible loss of data
D:\Flappy Bird\Flappy Bird\Flappy Bird\Source.cpp(89,46): warning C4244:         with
D:\Flappy Bird\Flappy Bird\Flappy Bird\Source.cpp(89,46): warning C4244:         [
D:\Flappy Bird\Flappy Bird\Flappy Bird\Source.cpp(89,46): warning C4244:             T=float
D:\Flappy Bird\Flappy Bird\Flappy Bird\Source.cpp(89,46): warning C4244:         ]
D:\Flappy Bird\Flappy Bird\Flappy Bird\Source.cpp(90,32): warning C4305: 'argument': truncation from 'double' to 'float'
D:\Flappy Bird\Flappy Bird\Flappy Bird\Source.cpp(95,43): warning C4244: 'argument': conversion from 'int' to 'T', possible loss of data
D:\Flappy Bird\Flappy Bird\Flappy Bird\Source.cpp(95,43): warning C4244:         with
D:\Flappy Bird\Flappy Bird\Flappy Bird\Source.cpp(95,43): warning C4244:         [
D:\Flappy Bird\Flappy Bird\Flappy Bird\Source.cpp(95,43): warning C4244:             T=float
D:\Flappy Bird\Flappy Bird\Flappy Bird\Source.cpp(95,43): warning C4244:         ]
D:\Flappy Bird\Flappy Bird\Flappy Bird\Source.cpp(96,31): warning C4305: 'argument': truncation from 'double' to 'float'
D:\Flappy Bird\Flappy Bird\Flappy Bird\Source.cpp(101,43): warning C4244: 'argument': conversion from 'int' to 'T', possible loss of data
D:\Flappy Bird\Flappy Bird\Flappy Bird\Source.cpp(101,43): warning C4244:         with
D:\Flappy Bird\Flappy Bird\Flappy Bird\Source.cpp(101,43): warning C4244:         [
D:\Flappy Bird\Flappy Bird\Flappy Bird\Source.cpp(101,43): warning C4244:             T=float
D:\Flappy Bird\Flappy Bird\Flappy Bird\Source.cpp(101,43): warning C4244:         ]
D:\Flappy Bird\Flappy Bird\Flappy Bird\Source.cpp(102,29): warning C4305: 'argument': truncation from 'double' to 'float'
D:\Flappy Bird\Flappy Bird\Flappy Bird\Source.cpp(107,43): warning C4244: 'argument': conversion from 'int' to 'T', possible loss of data
D:\Flappy Bird\Flappy Bird\Flappy Bird\Source.cpp(107,43): warning C4244:         with
D:\Flappy Bird\Flappy Bird\Flappy Bird\Source.cpp(107,43): warning C4244:         [
D:\Flappy Bird\Flappy Bird\Flappy Bird\Source.cpp(107,43): warning C4244:             T=float
D:\Flappy Bird\Flappy Bird\Flappy Bird\Source.cpp(107,43): warning C4244:         ]
D:\Flappy Bird\Flappy Bird\Flappy Bird\Source.cpp(108,29): warning C4305: 'argument': truncation from 'double' to 'float'
D:\Flappy Bird\Flappy Bird\Flappy Bird\Source.cpp(112,43): warning C4244: 'argument': conversion from 'int' to 'T', possible loss of data
D:\Flappy Bird\Flappy Bird\Flappy Bird\Source.cpp(112,43): warning C4244:         with
D:\Flappy Bird\Flappy Bird\Flappy Bird\Source.cpp(112,43): warning C4244:         [
D:\Flappy Bird\Flappy Bird\Flappy Bird\Source.cpp(112,43): warning C4244:             T=float
D:\Flappy Bird\Flappy Bird\Flappy Bird\Source.cpp(112,43): warning C4244:         ]
D:\Flappy Bird\Flappy Bird\Flappy Bird\Source.cpp(131,25): warning C4244: 'argument': conversion from 'int' to 'float', possible loss of data
D:\Flappy Bird\Flappy Bird\Flappy Bird\Source.cpp(132,22): warning C4244: 'argument': conversion from 'int' to 'float', possible loss of data
D:\Flappy Bird\Flappy Bird\Flappy Bird\Source.cpp(135,13): warning C4244: 'argument': conversion from 'int' to 'float', possible loss of data
D:\Flappy Bird\Flappy Bird\Flappy Bird\Source.cpp(170,33): warning C4244: 'argument': conversion from 'int' to 'T', possible loss of data
D:\Flappy Bird\Flappy Bird\Flappy Bird\Source.cpp(170,33): warning C4244:         with
D:\Flappy Bird\Flappy Bird\Flappy Bird\Source.cpp(170,33): warning C4244:         [
D:\Flappy Bird\Flappy Bird\Flappy Bird\Source.cpp(170,33): warning C4244:             T=float
D:\Flappy Bird\Flappy Bird\Flappy Bird\Source.cpp(170,33): warning C4244:         ]
D:\Flappy Bird\Flappy Bird\Flappy Bird\Source.cpp(179,32): warning C4244: 'argument': conversion from 'int' to 'T', possible loss of data
D:\Flappy Bird\Flappy Bird\Flappy Bird\Source.cpp(179,32): warning C4244:         with
D:\Flappy Bird\Flappy Bird\Flappy Bird\Source.cpp(179,32): warning C4244:         [
D:\Flappy Bird\Flappy Bird\Flappy Bird\Source.cpp(179,32): warning C4244:             T=float
D:\Flappy Bird\Flappy Bird\Flappy Bird\Source.cpp(179,32): warning C4244:         ]
D:\Flappy Bird\Flappy Bird\Flappy Bird\Source.cpp(800,39): warning C4244: 'argument': conversion from 'int' to 'T', possible loss of data
D:\Flappy Bird\Flappy Bird\Flappy Bird\Source.cpp(800,39): warning C4244:         with
D:\Flappy Bird\Flappy Bird\Flappy Bird\Source.cpp(800,39): warning C4244:         [
D:\Flappy Bird\Flappy Bird\Flappy Bird\Source.cpp(800,39): warning C4244:             T=float
D:\Flappy Bird\Flappy Bird\Flappy Bird\Source.cpp(800,39): warning C4244:         ]
  Flappy Bird.vcxproj -> D:\Flappy Bird\Flappy Bird\x64\Debug\Flappy Bird.exe
